2024-04-01 15:42:13,984 DEBUG [main] BasicClientConnectionManager:161 - Get connection for route {s}->https://lms-marchapi-hackathon-a258d2bbd43b.herokuapp.com:443
2024-04-01 15:42:14,038 DEBUG [main] DefaultClientConnectionOperator:177 - Connecting to lms-marchapi-hackathon-a258d2bbd43b.herokuapp.com:443
2024-04-01 15:42:14,293 DEBUG [main] RequestAddCookies:123 - CookieSpec selected: ignoreCookies
2024-04-01 15:42:14,294 DEBUG [main] RequestAuthCache:77 - Auth cache not set in the context
2024-04-01 15:42:14,294 DEBUG [main] RequestTargetAuthentication:80 - Target auth state: UNCHALLENGED
2024-04-01 15:42:14,294 DEBUG [main] RequestProxyAuthentication:89 - Proxy auth state: UNCHALLENGED
2024-04-01 15:42:14,294 DEBUG [main] DefaultHttpClient:677 - Attempt 1 to execute request
2024-04-01 15:42:14,295 DEBUG [main] DefaultClientConnection:274 - Sending request: POST /lms/login HTTP/1.1
2024-04-01 15:42:14,295 DEBUG [main] wire:73 -  >> "POST /lms/login HTTP/1.1[\r][\n]"
2024-04-01 15:42:14,295 DEBUG [main] wire:73 -  >> "Accept: */*[\r][\n]"
2024-04-01 15:42:14,296 DEBUG [main] wire:73 -  >> "Content-Type: application/json[\r][\n]"
2024-04-01 15:42:14,296 DEBUG [main] wire:73 -  >> "Content-Length: 74[\r][\n]"
2024-04-01 15:42:14,296 DEBUG [main] wire:73 -  >> "Host: lms-marchapi-hackathon-a258d2bbd43b.herokuapp.com[\r][\n]"
2024-04-01 15:42:14,296 DEBUG [main] wire:73 -  >> "Connection: Keep-Alive[\r][\n]"
2024-04-01 15:42:14,296 DEBUG [main] wire:73 -  >> "User-Agent: Apache-HttpClient/4.5.13 (Java/21.0.1)[\r][\n]"
2024-04-01 15:42:14,297 DEBUG [main] wire:73 -  >> "Accept-Encoding: gzip,deflate[\r][\n]"
2024-04-01 15:42:14,297 DEBUG [main] wire:73 -  >> "[\r][\n]"
2024-04-01 15:42:14,297 DEBUG [main] headers:278 - >> POST /lms/login HTTP/1.1
2024-04-01 15:42:14,297 DEBUG [main] headers:281 - >> Accept: */*
2024-04-01 15:42:14,297 DEBUG [main] headers:281 - >> Content-Type: application/json
2024-04-01 15:42:14,298 DEBUG [main] headers:281 - >> Content-Length: 74
2024-04-01 15:42:14,298 DEBUG [main] headers:281 - >> Host: lms-marchapi-hackathon-a258d2bbd43b.herokuapp.com
2024-04-01 15:42:14,298 DEBUG [main] headers:281 - >> Connection: Keep-Alive
2024-04-01 15:42:14,298 DEBUG [main] headers:281 - >> User-Agent: Apache-HttpClient/4.5.13 (Java/21.0.1)
2024-04-01 15:42:14,298 DEBUG [main] headers:281 - >> Accept-Encoding: gzip,deflate
2024-04-01 15:42:14,299 DEBUG [main] wire:87 -  >> "{"userLoginEmailId":"numpyninja@gmail.com","password":"lmsHackathon@2024"}"
2024-04-01 15:42:14,423 DEBUG [main] wire:73 -  << "HTTP/1.1 200 [\r][\n]"
2024-04-01 15:42:14,424 DEBUG [main] wire:73 -  << "Server: Cowboy[\r][\n]"
2024-04-01 15:42:14,424 DEBUG [main] wire:73 -  << "Report-To: {"group":"heroku-nel","max_age":3600,"endpoints":[{"url":"https://nel.heroku.com/reports?ts=1712000534&sid=c46efe9b-d3d2-4a0c-8c76-bfafa16c5add&s=BmKX1QI%2BEpx2B260iSEViOVGVAl8uLaA4ExOG6AIe2w%3D"}]}[\r][\n]"
2024-04-01 15:42:14,425 DEBUG [main] wire:73 -  << "Reporting-Endpoints: heroku-nel=https://nel.heroku.com/reports?ts=1712000534&sid=c46efe9b-d3d2-4a0c-8c76-bfafa16c5add&s=BmKX1QI%2BEpx2B260iSEViOVGVAl8uLaA4ExOG6AIe2w%3D[\r][\n]"
2024-04-01 15:42:14,425 DEBUG [main] wire:73 -  << "Nel: {"report_to":"heroku-nel","max_age":3600,"success_fraction":0.005,"failure_fraction":0.05,"response_headers":["Via"]}[\r][\n]"
2024-04-01 15:42:14,425 DEBUG [main] wire:73 -  << "Connection: keep-alive[\r][\n]"
2024-04-01 15:42:14,425 DEBUG [main] wire:73 -  << "Vary: Origin[\r][\n]"
2024-04-01 15:42:14,425 DEBUG [main] wire:73 -  << "Vary: Access-Control-Request-Method[\r][\n]"
2024-04-01 15:42:14,426 DEBUG [main] wire:73 -  << "Vary: Access-Control-Request-Headers[\r][\n]"
2024-04-01 15:42:14,426 DEBUG [main] wire:73 -  << "X-Content-Type-Options: nosniff[\r][\n]"
2024-04-01 15:42:14,426 DEBUG [main] wire:73 -  << "X-Xss-Protection: 1; mode=block[\r][\n]"
2024-04-01 15:42:14,426 DEBUG [main] wire:73 -  << "Cache-Control: no-cache, no-store, max-age=0, must-revalidate[\r][\n]"
2024-04-01 15:42:14,426 DEBUG [main] wire:73 -  << "Pragma: no-cache[\r][\n]"
2024-04-01 15:42:14,427 DEBUG [main] wire:73 -  << "Expires: 0[\r][\n]"
2024-04-01 15:42:14,427 DEBUG [main] wire:73 -  << "Strict-Transport-Security: max-age=31536000 ; includeSubDomains[\r][\n]"
2024-04-01 15:42:14,427 DEBUG [main] wire:73 -  << "X-Frame-Options: DENY[\r][\n]"
2024-04-01 15:42:14,427 DEBUG [main] wire:73 -  << "Content-Type: application/json[\r][\n]"
2024-04-01 15:42:14,428 DEBUG [main] wire:73 -  << "Transfer-Encoding: chunked[\r][\n]"
2024-04-01 15:42:14,428 DEBUG [main] wire:73 -  << "Date: Mon, 01 Apr 2024 19:42:14 GMT[\r][\n]"
2024-04-01 15:42:14,428 DEBUG [main] wire:73 -  << "Via: 1.1 vegur[\r][\n]"
2024-04-01 15:42:14,428 DEBUG [main] wire:73 -  << "[\r][\n]"
2024-04-01 15:42:14,429 DEBUG [main] DefaultClientConnection:259 - Receiving response: HTTP/1.1 200 
2024-04-01 15:42:14,429 DEBUG [main] headers:262 - << HTTP/1.1 200 
2024-04-01 15:42:14,429 DEBUG [main] headers:265 - << Server: Cowboy
2024-04-01 15:42:14,430 DEBUG [main] headers:265 - << Report-To: {"group":"heroku-nel","max_age":3600,"endpoints":[{"url":"https://nel.heroku.com/reports?ts=1712000534&sid=c46efe9b-d3d2-4a0c-8c76-bfafa16c5add&s=BmKX1QI%2BEpx2B260iSEViOVGVAl8uLaA4ExOG6AIe2w%3D"}]}
2024-04-01 15:42:14,430 DEBUG [main] headers:265 - << Reporting-Endpoints: heroku-nel=https://nel.heroku.com/reports?ts=1712000534&sid=c46efe9b-d3d2-4a0c-8c76-bfafa16c5add&s=BmKX1QI%2BEpx2B260iSEViOVGVAl8uLaA4ExOG6AIe2w%3D
2024-04-01 15:42:14,430 DEBUG [main] headers:265 - << Nel: {"report_to":"heroku-nel","max_age":3600,"success_fraction":0.005,"failure_fraction":0.05,"response_headers":["Via"]}
2024-04-01 15:42:14,430 DEBUG [main] headers:265 - << Connection: keep-alive
2024-04-01 15:42:14,430 DEBUG [main] headers:265 - << Vary: Origin
2024-04-01 15:42:14,431 DEBUG [main] headers:265 - << Vary: Access-Control-Request-Method
2024-04-01 15:42:14,431 DEBUG [main] headers:265 - << Vary: Access-Control-Request-Headers
2024-04-01 15:42:14,431 DEBUG [main] headers:265 - << X-Content-Type-Options: nosniff
2024-04-01 15:42:14,431 DEBUG [main] headers:265 - << X-Xss-Protection: 1; mode=block
2024-04-01 15:42:14,431 DEBUG [main] headers:265 - << Cache-Control: no-cache, no-store, max-age=0, must-revalidate
2024-04-01 15:42:14,431 DEBUG [main] headers:265 - << Pragma: no-cache
2024-04-01 15:42:14,432 DEBUG [main] headers:265 - << Expires: 0
2024-04-01 15:42:14,432 DEBUG [main] headers:265 - << Strict-Transport-Security: max-age=31536000 ; includeSubDomains
2024-04-01 15:42:14,432 DEBUG [main] headers:265 - << X-Frame-Options: DENY
2024-04-01 15:42:14,432 DEBUG [main] headers:265 - << Content-Type: application/json
2024-04-01 15:42:14,432 DEBUG [main] headers:265 - << Transfer-Encoding: chunked
2024-04-01 15:42:14,433 DEBUG [main] headers:265 - << Date: Mon, 01 Apr 2024 19:42:14 GMT
2024-04-01 15:42:14,433 DEBUG [main] headers:265 - << Via: 1.1 vegur
2024-04-01 15:42:14,435 DEBUG [main] DefaultHttpClient:504 - Connection can be kept alive indefinitely
2024-04-01 15:42:14,438 DEBUG [main] RestAssuredHttpBuilder:553 - Parsing response as: application/json
2024-04-01 15:42:14,438 DEBUG [main] RestAssuredHttpBuilder:556 - Parsed data to instance of: class org.apache.http.conn.EofSensorInputStream
2024-04-01 15:42:14,449 DEBUG [main] wire:73 -  << "135[\r][\n]"
2024-04-01 15:42:14,450 DEBUG [main] wire:87 -  << "{"token":"eyJhbGciOiJIUzUxMiJ9.eyJzdWIiOiJudW1weW5pbmphQGdtYWlsLmNvbSIsImlhdCI6MTcxMjAwMDUzNCwiZXhwIjoxNzEyMDI5MzM0fQ.tR4XZHTZQ1xuO5TvHUBENs3d0c95t3CczdOriQeTwsY3NDmQhBiRUaKS1JR3lY0_j-Zu49PqLkxYPTGTC08XqA","type":"Bearer","userId":"U52","email":"numpyninja@gmail.com","roles":["ROLE_ADMIN"],"status":"Active"}"
2024-04-01 15:42:14,450 DEBUG [main] wire:73 -  << "[\r][\n]"
2024-04-01 15:42:14,450 DEBUG [main] wire:73 -  << "0[\r][\n]"
2024-04-01 15:42:14,450 DEBUG [main] wire:73 -  << "[\r][\n]"
2024-04-01 15:42:14,450 DEBUG [main] BasicClientConnectionManager:200 - Releasing connection org.apache.http.impl.conn.ManagedClientConnectionImpl@7558c24b
2024-04-01 15:42:14,450 DEBUG [main] BasicClientConnectionManager:225 - Connection can be kept alive indefinitely
2024-04-01 15:42:14,649 DEBUG [main] BasicClientConnectionManager:161 - Get connection for route {s}->https://lms-marchapi-hackathon-a258d2bbd43b.herokuapp.com:443
2024-04-01 15:42:14,649 DEBUG [main] DefaultClientConnectionOperator:177 - Connecting to lms-marchapi-hackathon-a258d2bbd43b.herokuapp.com:443
2024-04-01 15:42:14,818 DEBUG [main] RequestAddCookies:123 - CookieSpec selected: ignoreCookies
2024-04-01 15:42:14,818 DEBUG [main] RequestAuthCache:77 - Auth cache not set in the context
2024-04-01 15:42:14,818 DEBUG [main] RequestProxyAuthentication:89 - Proxy auth state: UNCHALLENGED
2024-04-01 15:42:14,818 DEBUG [main] DefaultHttpClient:677 - Attempt 1 to execute request
2024-04-01 15:42:14,819 DEBUG [main] DefaultClientConnection:274 - Sending request: GET /lms/batches/batchName/null HTTP/1.1
2024-04-01 15:42:14,819 DEBUG [main] wire:73 -  >> "GET /lms/batches/batchName/null HTTP/1.1[\r][\n]"
2024-04-01 15:42:14,819 DEBUG [main] wire:73 -  >> "Content-Type: application/json[\r][\n]"
2024-04-01 15:42:14,819 DEBUG [main] wire:73 -  >> "Authorization: Bearer eyJhbGciOiJIUzUxMiJ9.eyJzdWIiOiJudW1weW5pbmphQGdtYWlsLmNvbSIsImlhdCI6MTcxMjAwMDUzNCwiZXhwIjoxNzEyMDI5MzM0fQ.tR4XZHTZQ1xuO5TvHUBENs3d0c95t3CczdOriQeTwsY3NDmQhBiRUaKS1JR3lY0_j-Zu49PqLkxYPTGTC08XqA[\r][\n]"
2024-04-01 15:42:14,820 DEBUG [main] wire:73 -  >> "Accept: */*[\r][\n]"
2024-04-01 15:42:14,820 DEBUG [main] wire:73 -  >> "Host: lms-marchapi-hackathon-a258d2bbd43b.herokuapp.com[\r][\n]"
2024-04-01 15:42:14,820 DEBUG [main] wire:73 -  >> "Connection: Keep-Alive[\r][\n]"
2024-04-01 15:42:14,820 DEBUG [main] wire:73 -  >> "User-Agent: Apache-HttpClient/4.5.13 (Java/21.0.1)[\r][\n]"
2024-04-01 15:42:14,821 DEBUG [main] wire:73 -  >> "Accept-Encoding: gzip,deflate[\r][\n]"
2024-04-01 15:42:14,821 DEBUG [main] wire:73 -  >> "[\r][\n]"
2024-04-01 15:42:14,822 DEBUG [main] headers:278 - >> GET /lms/batches/batchName/null HTTP/1.1
2024-04-01 15:42:14,822 DEBUG [main] headers:281 - >> Content-Type: application/json
2024-04-01 15:42:14,822 DEBUG [main] headers:281 - >> Authorization: Bearer eyJhbGciOiJIUzUxMiJ9.eyJzdWIiOiJudW1weW5pbmphQGdtYWlsLmNvbSIsImlhdCI6MTcxMjAwMDUzNCwiZXhwIjoxNzEyMDI5MzM0fQ.tR4XZHTZQ1xuO5TvHUBENs3d0c95t3CczdOriQeTwsY3NDmQhBiRUaKS1JR3lY0_j-Zu49PqLkxYPTGTC08XqA
2024-04-01 15:42:14,822 DEBUG [main] headers:281 - >> Accept: */*
2024-04-01 15:42:14,822 DEBUG [main] headers:281 - >> Host: lms-marchapi-hackathon-a258d2bbd43b.herokuapp.com
2024-04-01 15:42:14,823 DEBUG [main] headers:281 - >> Connection: Keep-Alive
2024-04-01 15:42:14,823 DEBUG [main] headers:281 - >> User-Agent: Apache-HttpClient/4.5.13 (Java/21.0.1)
2024-04-01 15:42:14,823 DEBUG [main] headers:281 - >> Accept-Encoding: gzip,deflate
2024-04-01 15:42:14,875 DEBUG [main] wire:73 -  << "HTTP/1.1 404 [\r][\n]"
2024-04-01 15:42:14,876 DEBUG [main] wire:73 -  << "Server: Cowboy[\r][\n]"
2024-04-01 15:42:14,876 DEBUG [main] wire:73 -  << "Report-To: {"group":"heroku-nel","max_age":3600,"endpoints":[{"url":"https://nel.heroku.com/reports?ts=1712000534&sid=c46efe9b-d3d2-4a0c-8c76-bfafa16c5add&s=BmKX1QI%2BEpx2B260iSEViOVGVAl8uLaA4ExOG6AIe2w%3D"}]}[\r][\n]"
2024-04-01 15:42:14,876 DEBUG [main] wire:73 -  << "Reporting-Endpoints: heroku-nel=https://nel.heroku.com/reports?ts=1712000534&sid=c46efe9b-d3d2-4a0c-8c76-bfafa16c5add&s=BmKX1QI%2BEpx2B260iSEViOVGVAl8uLaA4ExOG6AIe2w%3D[\r][\n]"
2024-04-01 15:42:14,876 DEBUG [main] wire:73 -  << "Nel: {"report_to":"heroku-nel","max_age":3600,"success_fraction":0.005,"failure_fraction":0.05,"response_headers":["Via"]}[\r][\n]"
2024-04-01 15:42:14,877 DEBUG [main] wire:73 -  << "Connection: keep-alive[\r][\n]"
2024-04-01 15:42:14,877 DEBUG [main] wire:73 -  << "Vary: Origin[\r][\n]"
2024-04-01 15:42:14,877 DEBUG [main] wire:73 -  << "Vary: Access-Control-Request-Method[\r][\n]"
2024-04-01 15:42:14,877 DEBUG [main] wire:73 -  << "Vary: Access-Control-Request-Headers[\r][\n]"
2024-04-01 15:42:14,877 DEBUG [main] wire:73 -  << "X-Content-Type-Options: nosniff[\r][\n]"
2024-04-01 15:42:14,878 DEBUG [main] wire:73 -  << "X-Xss-Protection: 1; mode=block[\r][\n]"
2024-04-01 15:42:14,878 DEBUG [main] wire:73 -  << "Cache-Control: no-cache, no-store, max-age=0, must-revalidate[\r][\n]"
2024-04-01 15:42:14,878 DEBUG [main] wire:73 -  << "Pragma: no-cache[\r][\n]"
2024-04-01 15:42:14,878 DEBUG [main] wire:73 -  << "Expires: 0[\r][\n]"
2024-04-01 15:42:14,878 DEBUG [main] wire:73 -  << "Strict-Transport-Security: max-age=31536000 ; includeSubDomains[\r][\n]"
2024-04-01 15:42:14,879 DEBUG [main] wire:73 -  << "X-Frame-Options: DENY[\r][\n]"
2024-04-01 15:42:14,879 DEBUG [main] wire:73 -  << "Content-Type: application/json[\r][\n]"
2024-04-01 15:42:14,879 DEBUG [main] wire:73 -  << "Transfer-Encoding: chunked[\r][\n]"
2024-04-01 15:42:14,879 DEBUG [main] wire:73 -  << "Date: Mon, 01 Apr 2024 19:42:14 GMT[\r][\n]"
2024-04-01 15:42:14,880 DEBUG [main] wire:73 -  << "Via: 1.1 vegur[\r][\n]"
2024-04-01 15:42:14,880 DEBUG [main] wire:73 -  << "[\r][\n]"
2024-04-01 15:42:14,880 DEBUG [main] DefaultClientConnection:259 - Receiving response: HTTP/1.1 404 
2024-04-01 15:42:14,880 DEBUG [main] headers:262 - << HTTP/1.1 404 
2024-04-01 15:42:14,880 DEBUG [main] headers:265 - << Server: Cowboy
2024-04-01 15:42:14,881 DEBUG [main] headers:265 - << Report-To: {"group":"heroku-nel","max_age":3600,"endpoints":[{"url":"https://nel.heroku.com/reports?ts=1712000534&sid=c46efe9b-d3d2-4a0c-8c76-bfafa16c5add&s=BmKX1QI%2BEpx2B260iSEViOVGVAl8uLaA4ExOG6AIe2w%3D"}]}
2024-04-01 15:42:14,883 DEBUG [main] headers:265 - << Reporting-Endpoints: heroku-nel=https://nel.heroku.com/reports?ts=1712000534&sid=c46efe9b-d3d2-4a0c-8c76-bfafa16c5add&s=BmKX1QI%2BEpx2B260iSEViOVGVAl8uLaA4ExOG6AIe2w%3D
2024-04-01 15:42:14,884 DEBUG [main] headers:265 - << Nel: {"report_to":"heroku-nel","max_age":3600,"success_fraction":0.005,"failure_fraction":0.05,"response_headers":["Via"]}
2024-04-01 15:42:14,884 DEBUG [main] headers:265 - << Connection: keep-alive
2024-04-01 15:42:14,884 DEBUG [main] headers:265 - << Vary: Origin
2024-04-01 15:42:14,885 DEBUG [main] headers:265 - << Vary: Access-Control-Request-Method
2024-04-01 15:42:14,885 DEBUG [main] headers:265 - << Vary: Access-Control-Request-Headers
2024-04-01 15:42:14,885 DEBUG [main] headers:265 - << X-Content-Type-Options: nosniff
2024-04-01 15:42:14,885 DEBUG [main] headers:265 - << X-Xss-Protection: 1; mode=block
2024-04-01 15:42:14,885 DEBUG [main] headers:265 - << Cache-Control: no-cache, no-store, max-age=0, must-revalidate
2024-04-01 15:42:14,885 DEBUG [main] headers:265 - << Pragma: no-cache
2024-04-01 15:42:14,886 DEBUG [main] headers:265 - << Expires: 0
2024-04-01 15:42:14,886 DEBUG [main] headers:265 - << Strict-Transport-Security: max-age=31536000 ; includeSubDomains
2024-04-01 15:42:14,886 DEBUG [main] headers:265 - << X-Frame-Options: DENY
2024-04-01 15:42:14,886 DEBUG [main] headers:265 - << Content-Type: application/json
2024-04-01 15:42:14,886 DEBUG [main] headers:265 - << Transfer-Encoding: chunked
2024-04-01 15:42:14,886 DEBUG [main] headers:265 - << Date: Mon, 01 Apr 2024 19:42:14 GMT
2024-04-01 15:42:14,887 DEBUG [main] headers:265 - << Via: 1.1 vegur
2024-04-01 15:42:14,887 DEBUG [main] DefaultHttpClient:504 - Connection can be kept alive indefinitely
2024-04-01 15:42:14,887 DEBUG [main] RestAssuredHttpBuilder:553 - Parsing response as: application/json
2024-04-01 15:42:14,887 DEBUG [main] RestAssuredHttpBuilder:556 - Parsed data to instance of: class org.apache.http.conn.EofSensorInputStream
2024-04-01 15:42:14,889 DEBUG [main] wire:73 -  << "3f[\r][\n]"
2024-04-01 15:42:14,890 DEBUG [main] wire:87 -  << "{"message":"programBatch with idnullnot found","success":false}"
2024-04-01 15:42:14,890 DEBUG [main] wire:73 -  << "[\r][\n]"
2024-04-01 15:42:14,890 DEBUG [main] wire:73 -  << "0[\r][\n]"
2024-04-01 15:42:14,890 DEBUG [main] wire:73 -  << "[\r][\n]"
2024-04-01 15:42:14,890 DEBUG [main] BasicClientConnectionManager:200 - Releasing connection org.apache.http.impl.conn.ManagedClientConnectionImpl@52ca0ad4
2024-04-01 15:42:14,890 DEBUG [main] BasicClientConnectionManager:225 - Connection can be kept alive indefinitely
2024-04-01 15:42:14,917 DEBUG [main] BasicClientConnectionManager:161 - Get connection for route {s}->https://lms-marchapi-hackathon-a258d2bbd43b.herokuapp.com:443
2024-04-01 15:42:14,917 DEBUG [main] DefaultClientConnectionOperator:177 - Connecting to lms-marchapi-hackathon-a258d2bbd43b.herokuapp.com:443
2024-04-01 15:42:15,074 DEBUG [main] RequestAddCookies:123 - CookieSpec selected: ignoreCookies
2024-04-01 15:42:15,075 DEBUG [main] RequestAuthCache:77 - Auth cache not set in the context
2024-04-01 15:42:15,075 DEBUG [main] RequestProxyAuthentication:89 - Proxy auth state: UNCHALLENGED
2024-04-01 15:42:15,075 DEBUG [main] DefaultHttpClient:677 - Attempt 1 to execute request
2024-04-01 15:42:15,075 DEBUG [main] DefaultClientConnection:274 - Sending request: GET /lms/batches/batchName/null HTTP/1.1
2024-04-01 15:42:15,075 DEBUG [main] wire:73 -  >> "GET /lms/batches/batchName/null HTTP/1.1[\r][\n]"
2024-04-01 15:42:15,075 DEBUG [main] wire:73 -  >> "Content-Type: application/json[\r][\n]"
2024-04-01 15:42:15,075 DEBUG [main] wire:73 -  >> "Authorization: Bearer 12eyJhbGciOiJIUzUxMiJ9.eyJzdWIiOiJudW1weW5pbmphQGdtYWlsLmNvbSIsImlhdCI6MTcxMjAwMDUzNCwiZXhwIjoxNzEyMDI5MzM0fQ.tR4XZHTZQ1xuO5TvHUBENs3d0c95t3CczdOriQeTwsY3NDmQhBiRUaKS1JR3lY0_j-Zu49PqLkxYPTGTC08XqA[\r][\n]"
2024-04-01 15:42:15,075 DEBUG [main] wire:73 -  >> "Accept: */*[\r][\n]"
2024-04-01 15:42:15,076 DEBUG [main] wire:73 -  >> "Host: lms-marchapi-hackathon-a258d2bbd43b.herokuapp.com[\r][\n]"
2024-04-01 15:42:15,076 DEBUG [main] wire:73 -  >> "Connection: Keep-Alive[\r][\n]"
2024-04-01 15:42:15,076 DEBUG [main] wire:73 -  >> "User-Agent: Apache-HttpClient/4.5.13 (Java/21.0.1)[\r][\n]"
2024-04-01 15:42:15,076 DEBUG [main] wire:73 -  >> "Accept-Encoding: gzip,deflate[\r][\n]"
2024-04-01 15:42:15,076 DEBUG [main] wire:73 -  >> "[\r][\n]"
2024-04-01 15:42:15,076 DEBUG [main] headers:278 - >> GET /lms/batches/batchName/null HTTP/1.1
2024-04-01 15:42:15,076 DEBUG [main] headers:281 - >> Content-Type: application/json
2024-04-01 15:42:15,077 DEBUG [main] headers:281 - >> Authorization: Bearer 12eyJhbGciOiJIUzUxMiJ9.eyJzdWIiOiJudW1weW5pbmphQGdtYWlsLmNvbSIsImlhdCI6MTcxMjAwMDUzNCwiZXhwIjoxNzEyMDI5MzM0fQ.tR4XZHTZQ1xuO5TvHUBENs3d0c95t3CczdOriQeTwsY3NDmQhBiRUaKS1JR3lY0_j-Zu49PqLkxYPTGTC08XqA
2024-04-01 15:42:15,077 DEBUG [main] headers:281 - >> Accept: */*
2024-04-01 15:42:15,077 DEBUG [main] headers:281 - >> Host: lms-marchapi-hackathon-a258d2bbd43b.herokuapp.com
2024-04-01 15:42:15,077 DEBUG [main] headers:281 - >> Connection: Keep-Alive
2024-04-01 15:42:15,077 DEBUG [main] headers:281 - >> User-Agent: Apache-HttpClient/4.5.13 (Java/21.0.1)
2024-04-01 15:42:15,077 DEBUG [main] headers:281 - >> Accept-Encoding: gzip,deflate
2024-04-01 15:42:15,119 DEBUG [main] wire:73 -  << "HTTP/1.1 401 [\r][\n]"
2024-04-01 15:42:15,119 DEBUG [main] wire:73 -  << "Server: Cowboy[\r][\n]"
2024-04-01 15:42:15,119 DEBUG [main] wire:73 -  << "Report-To: {"group":"heroku-nel","max_age":3600,"endpoints":[{"url":"https://nel.heroku.com/reports?ts=1712000535&sid=c46efe9b-d3d2-4a0c-8c76-bfafa16c5add&s=n8qFrfIHljln3jFQ7hVf6zpJU5voed91SdrRDN9F%2FYo%3D"}]}[\r][\n]"
2024-04-01 15:42:15,119 DEBUG [main] wire:73 -  << "Reporting-Endpoints: heroku-nel=https://nel.heroku.com/reports?ts=1712000535&sid=c46efe9b-d3d2-4a0c-8c76-bfafa16c5add&s=n8qFrfIHljln3jFQ7hVf6zpJU5voed91SdrRDN9F%2FYo%3D[\r][\n]"
2024-04-01 15:42:15,120 DEBUG [main] wire:73 -  << "Nel: {"report_to":"heroku-nel","max_age":3600,"success_fraction":0.005,"failure_fraction":0.05,"response_headers":["Via"]}[\r][\n]"
2024-04-01 15:42:15,120 DEBUG [main] wire:73 -  << "Connection: keep-alive[\r][\n]"
2024-04-01 15:42:15,120 DEBUG [main] wire:73 -  << "Vary: Origin[\r][\n]"
2024-04-01 15:42:15,120 DEBUG [main] wire:73 -  << "Vary: Access-Control-Request-Method[\r][\n]"
2024-04-01 15:42:15,120 DEBUG [main] wire:73 -  << "Vary: Access-Control-Request-Headers[\r][\n]"
2024-04-01 15:42:15,121 DEBUG [main] wire:73 -  << "X-Content-Type-Options: nosniff[\r][\n]"
2024-04-01 15:42:15,121 DEBUG [main] wire:73 -  << "X-Xss-Protection: 1; mode=block[\r][\n]"
2024-04-01 15:42:15,121 DEBUG [main] wire:73 -  << "Cache-Control: no-cache, no-store, max-age=0, must-revalidate[\r][\n]"
2024-04-01 15:42:15,121 DEBUG [main] wire:73 -  << "Pragma: no-cache[\r][\n]"
2024-04-01 15:42:15,121 DEBUG [main] wire:73 -  << "Expires: 0[\r][\n]"
2024-04-01 15:42:15,121 DEBUG [main] wire:73 -  << "Strict-Transport-Security: max-age=31536000 ; includeSubDomains[\r][\n]"
2024-04-01 15:42:15,122 DEBUG [main] wire:73 -  << "X-Frame-Options: DENY[\r][\n]"
2024-04-01 15:42:15,122 DEBUG [main] wire:73 -  << "Content-Type: application/json[\r][\n]"
2024-04-01 15:42:15,122 DEBUG [main] wire:73 -  << "Transfer-Encoding: chunked[\r][\n]"
2024-04-01 15:42:15,122 DEBUG [main] wire:73 -  << "Date: Mon, 01 Apr 2024 19:42:14 GMT[\r][\n]"
2024-04-01 15:42:15,122 DEBUG [main] wire:73 -  << "Via: 1.1 vegur[\r][\n]"
2024-04-01 15:42:15,122 DEBUG [main] wire:73 -  << "[\r][\n]"
2024-04-01 15:42:15,122 DEBUG [main] DefaultClientConnection:259 - Receiving response: HTTP/1.1 401 
2024-04-01 15:42:15,123 DEBUG [main] headers:262 - << HTTP/1.1 401 
2024-04-01 15:42:15,123 DEBUG [main] headers:265 - << Server: Cowboy
2024-04-01 15:42:15,123 DEBUG [main] headers:265 - << Report-To: {"group":"heroku-nel","max_age":3600,"endpoints":[{"url":"https://nel.heroku.com/reports?ts=1712000535&sid=c46efe9b-d3d2-4a0c-8c76-bfafa16c5add&s=n8qFrfIHljln3jFQ7hVf6zpJU5voed91SdrRDN9F%2FYo%3D"}]}
2024-04-01 15:42:15,123 DEBUG [main] headers:265 - << Reporting-Endpoints: heroku-nel=https://nel.heroku.com/reports?ts=1712000535&sid=c46efe9b-d3d2-4a0c-8c76-bfafa16c5add&s=n8qFrfIHljln3jFQ7hVf6zpJU5voed91SdrRDN9F%2FYo%3D
2024-04-01 15:42:15,123 DEBUG [main] headers:265 - << Nel: {"report_to":"heroku-nel","max_age":3600,"success_fraction":0.005,"failure_fraction":0.05,"response_headers":["Via"]}
2024-04-01 15:42:15,123 DEBUG [main] headers:265 - << Connection: keep-alive
2024-04-01 15:42:15,124 DEBUG [main] headers:265 - << Vary: Origin
2024-04-01 15:42:15,124 DEBUG [main] headers:265 - << Vary: Access-Control-Request-Method
2024-04-01 15:42:15,124 DEBUG [main] headers:265 - << Vary: Access-Control-Request-Headers
2024-04-01 15:42:15,124 DEBUG [main] headers:265 - << X-Content-Type-Options: nosniff
2024-04-01 15:42:15,124 DEBUG [main] headers:265 - << X-Xss-Protection: 1; mode=block
2024-04-01 15:42:15,124 DEBUG [main] headers:265 - << Cache-Control: no-cache, no-store, max-age=0, must-revalidate
2024-04-01 15:42:15,124 DEBUG [main] headers:265 - << Pragma: no-cache
2024-04-01 15:42:15,124 DEBUG [main] headers:265 - << Expires: 0
2024-04-01 15:42:15,125 DEBUG [main] headers:265 - << Strict-Transport-Security: max-age=31536000 ; includeSubDomains
2024-04-01 15:42:15,125 DEBUG [main] headers:265 - << X-Frame-Options: DENY
2024-04-01 15:42:15,125 DEBUG [main] headers:265 - << Content-Type: application/json
2024-04-01 15:42:15,125 DEBUG [main] headers:265 - << Transfer-Encoding: chunked
2024-04-01 15:42:15,125 DEBUG [main] headers:265 - << Date: Mon, 01 Apr 2024 19:42:14 GMT
2024-04-01 15:42:15,125 DEBUG [main] headers:265 - << Via: 1.1 vegur
2024-04-01 15:42:15,125 DEBUG [main] DefaultHttpClient:504 - Connection can be kept alive indefinitely
2024-04-01 15:42:15,126 DEBUG [main] DefaultHttpClient:77 - Authentication required
2024-04-01 15:42:15,126 DEBUG [main] DefaultHttpClient:106 - lms-marchapi-hackathon-a258d2bbd43b.herokuapp.com:443 requested authentication
2024-04-01 15:42:15,126 DEBUG [main] DefaultHttpClient:110 - Response contains no authentication challenges
2024-04-01 15:42:15,126 DEBUG [main] RestAssuredHttpBuilder:553 - Parsing response as: application/json
2024-04-01 15:42:15,126 DEBUG [main] RestAssuredHttpBuilder:556 - Parsed data to instance of: class org.apache.http.conn.EofSensorInputStream
2024-04-01 15:42:15,127 DEBUG [main] wire:73 -  << "76[\r][\n]"
2024-04-01 15:42:15,127 DEBUG [main] wire:87 -  << "{"timestamp":"2024-04-01T19:42:15.137+00:00","status":401,"error":"Unauthorized","path":"/lms/batches/batchName/null"}"
2024-04-01 15:42:15,127 DEBUG [main] wire:73 -  << "[\r][\n]"
2024-04-01 15:42:15,127 DEBUG [main] wire:73 -  << "0[\r][\n]"
2024-04-01 15:42:15,128 DEBUG [main] wire:73 -  << "[\r][\n]"
2024-04-01 15:42:15,128 DEBUG [main] BasicClientConnectionManager:200 - Releasing connection org.apache.http.impl.conn.ManagedClientConnectionImpl@598657cd
2024-04-01 15:42:15,128 DEBUG [main] BasicClientConnectionManager:225 - Connection can be kept alive indefinitely
2024-04-01 15:42:15,143 DEBUG [main] BasicClientConnectionManager:161 - Get connection for route {s}->https://lms-marchapi-hackathon-a258d2bbd43b.herokuapp.com:443
2024-04-01 15:42:15,143 DEBUG [main] DefaultClientConnectionOperator:177 - Connecting to lms-marchapi-hackathon-a258d2bbd43b.herokuapp.com:443
2024-04-01 15:42:15,304 DEBUG [main] RequestAddCookies:123 - CookieSpec selected: ignoreCookies
2024-04-01 15:42:15,304 DEBUG [main] RequestAuthCache:77 - Auth cache not set in the context
2024-04-01 15:42:15,304 DEBUG [main] RequestProxyAuthentication:89 - Proxy auth state: UNCHALLENGED
2024-04-01 15:42:15,305 DEBUG [main] DefaultHttpClient:677 - Attempt 1 to execute request
2024-04-01 15:42:15,305 DEBUG [main] DefaultClientConnection:274 - Sending request: GET /lms/batches/batchNamenull HTTP/1.1
2024-04-01 15:42:15,305 DEBUG [main] wire:73 -  >> "GET /lms/batches/batchNamenull HTTP/1.1[\r][\n]"
2024-04-01 15:42:15,305 DEBUG [main] wire:73 -  >> "Content-Type: application/json[\r][\n]"
2024-04-01 15:42:15,305 DEBUG [main] wire:73 -  >> "Authorization: Bearer eyJhbGciOiJIUzUxMiJ9.eyJzdWIiOiJudW1weW5pbmphQGdtYWlsLmNvbSIsImlhdCI6MTcxMjAwMDUzNCwiZXhwIjoxNzEyMDI5MzM0fQ.tR4XZHTZQ1xuO5TvHUBENs3d0c95t3CczdOriQeTwsY3NDmQhBiRUaKS1JR3lY0_j-Zu49PqLkxYPTGTC08XqA[\r][\n]"
2024-04-01 15:42:15,305 DEBUG [main] wire:73 -  >> "Accept: */*[\r][\n]"
2024-04-01 15:42:15,306 DEBUG [main] wire:73 -  >> "Host: lms-marchapi-hackathon-a258d2bbd43b.herokuapp.com[\r][\n]"
2024-04-01 15:42:15,306 DEBUG [main] wire:73 -  >> "Connection: Keep-Alive[\r][\n]"
2024-04-01 15:42:15,306 DEBUG [main] wire:73 -  >> "User-Agent: Apache-HttpClient/4.5.13 (Java/21.0.1)[\r][\n]"
2024-04-01 15:42:15,306 DEBUG [main] wire:73 -  >> "Accept-Encoding: gzip,deflate[\r][\n]"
2024-04-01 15:42:15,306 DEBUG [main] wire:73 -  >> "[\r][\n]"
2024-04-01 15:42:15,306 DEBUG [main] headers:278 - >> GET /lms/batches/batchNamenull HTTP/1.1
2024-04-01 15:42:15,306 DEBUG [main] headers:281 - >> Content-Type: application/json
2024-04-01 15:42:15,306 DEBUG [main] headers:281 - >> Authorization: Bearer eyJhbGciOiJIUzUxMiJ9.eyJzdWIiOiJudW1weW5pbmphQGdtYWlsLmNvbSIsImlhdCI6MTcxMjAwMDUzNCwiZXhwIjoxNzEyMDI5MzM0fQ.tR4XZHTZQ1xuO5TvHUBENs3d0c95t3CczdOriQeTwsY3NDmQhBiRUaKS1JR3lY0_j-Zu49PqLkxYPTGTC08XqA
2024-04-01 15:42:15,306 DEBUG [main] headers:281 - >> Accept: */*
2024-04-01 15:42:15,307 DEBUG [main] headers:281 - >> Host: lms-marchapi-hackathon-a258d2bbd43b.herokuapp.com
2024-04-01 15:42:15,307 DEBUG [main] headers:281 - >> Connection: Keep-Alive
2024-04-01 15:42:15,307 DEBUG [main] headers:281 - >> User-Agent: Apache-HttpClient/4.5.13 (Java/21.0.1)
2024-04-01 15:42:15,307 DEBUG [main] headers:281 - >> Accept-Encoding: gzip,deflate
2024-04-01 15:42:15,349 DEBUG [main] wire:73 -  << "HTTP/1.1 405 [\r][\n]"
2024-04-01 15:42:15,350 DEBUG [main] wire:73 -  << "Server: Cowboy[\r][\n]"
2024-04-01 15:42:15,350 DEBUG [main] wire:73 -  << "Report-To: {"group":"heroku-nel","max_age":3600,"endpoints":[{"url":"https://nel.heroku.com/reports?ts=1712000535&sid=c46efe9b-d3d2-4a0c-8c76-bfafa16c5add&s=n8qFrfIHljln3jFQ7hVf6zpJU5voed91SdrRDN9F%2FYo%3D"}]}[\r][\n]"
2024-04-01 15:42:15,350 DEBUG [main] wire:73 -  << "Reporting-Endpoints: heroku-nel=https://nel.heroku.com/reports?ts=1712000535&sid=c46efe9b-d3d2-4a0c-8c76-bfafa16c5add&s=n8qFrfIHljln3jFQ7hVf6zpJU5voed91SdrRDN9F%2FYo%3D[\r][\n]"
2024-04-01 15:42:15,350 DEBUG [main] wire:73 -  << "Nel: {"report_to":"heroku-nel","max_age":3600,"success_fraction":0.005,"failure_fraction":0.05,"response_headers":["Via"]}[\r][\n]"
2024-04-01 15:42:15,350 DEBUG [main] wire:73 -  << "Connection: keep-alive[\r][\n]"
2024-04-01 15:42:15,350 DEBUG [main] wire:73 -  << "Vary: Origin[\r][\n]"
2024-04-01 15:42:15,350 DEBUG [main] wire:73 -  << "Vary: Access-Control-Request-Method[\r][\n]"
2024-04-01 15:42:15,351 DEBUG [main] wire:73 -  << "Vary: Access-Control-Request-Headers[\r][\n]"
2024-04-01 15:42:15,351 DEBUG [main] wire:73 -  << "Allow: DELETE, PUT[\r][\n]"
2024-04-01 15:42:15,351 DEBUG [main] wire:73 -  << "X-Content-Type-Options: nosniff[\r][\n]"
2024-04-01 15:42:15,351 DEBUG [main] wire:73 -  << "X-Xss-Protection: 1; mode=block[\r][\n]"
2024-04-01 15:42:15,351 DEBUG [main] wire:73 -  << "Cache-Control: no-cache, no-store, max-age=0, must-revalidate[\r][\n]"
2024-04-01 15:42:15,351 DEBUG [main] wire:73 -  << "Pragma: no-cache[\r][\n]"
2024-04-01 15:42:15,351 DEBUG [main] wire:73 -  << "Expires: 0[\r][\n]"
2024-04-01 15:42:15,352 DEBUG [main] wire:73 -  << "Strict-Transport-Security: max-age=31536000 ; includeSubDomains[\r][\n]"
2024-04-01 15:42:15,352 DEBUG [main] wire:73 -  << "X-Frame-Options: DENY[\r][\n]"
2024-04-01 15:42:15,352 DEBUG [main] wire:73 -  << "Content-Type: application/json[\r][\n]"
2024-04-01 15:42:15,352 DEBUG [main] wire:73 -  << "Transfer-Encoding: chunked[\r][\n]"
2024-04-01 15:42:15,352 DEBUG [main] wire:73 -  << "Date: Mon, 01 Apr 2024 19:42:14 GMT[\r][\n]"
2024-04-01 15:42:15,352 DEBUG [main] wire:73 -  << "Via: 1.1 vegur[\r][\n]"
2024-04-01 15:42:15,352 DEBUG [main] wire:73 -  << "[\r][\n]"
2024-04-01 15:42:15,353 DEBUG [main] DefaultClientConnection:259 - Receiving response: HTTP/1.1 405 
2024-04-01 15:42:15,353 DEBUG [main] headers:262 - << HTTP/1.1 405 
2024-04-01 15:42:15,353 DEBUG [main] headers:265 - << Server: Cowboy
2024-04-01 15:42:15,353 DEBUG [main] headers:265 - << Report-To: {"group":"heroku-nel","max_age":3600,"endpoints":[{"url":"https://nel.heroku.com/reports?ts=1712000535&sid=c46efe9b-d3d2-4a0c-8c76-bfafa16c5add&s=n8qFrfIHljln3jFQ7hVf6zpJU5voed91SdrRDN9F%2FYo%3D"}]}
2024-04-01 15:42:15,353 DEBUG [main] headers:265 - << Reporting-Endpoints: heroku-nel=https://nel.heroku.com/reports?ts=1712000535&sid=c46efe9b-d3d2-4a0c-8c76-bfafa16c5add&s=n8qFrfIHljln3jFQ7hVf6zpJU5voed91SdrRDN9F%2FYo%3D
2024-04-01 15:42:15,353 DEBUG [main] headers:265 - << Nel: {"report_to":"heroku-nel","max_age":3600,"success_fraction":0.005,"failure_fraction":0.05,"response_headers":["Via"]}
2024-04-01 15:42:15,353 DEBUG [main] headers:265 - << Connection: keep-alive
2024-04-01 15:42:15,353 DEBUG [main] headers:265 - << Vary: Origin
2024-04-01 15:42:15,354 DEBUG [main] headers:265 - << Vary: Access-Control-Request-Method
2024-04-01 15:42:15,354 DEBUG [main] headers:265 - << Vary: Access-Control-Request-Headers
2024-04-01 15:42:15,354 DEBUG [main] headers:265 - << Allow: DELETE, PUT
2024-04-01 15:42:15,354 DEBUG [main] headers:265 - << X-Content-Type-Options: nosniff
2024-04-01 15:42:15,354 DEBUG [main] headers:265 - << X-Xss-Protection: 1; mode=block
2024-04-01 15:42:15,354 DEBUG [main] headers:265 - << Cache-Control: no-cache, no-store, max-age=0, must-revalidate
2024-04-01 15:42:15,354 DEBUG [main] headers:265 - << Pragma: no-cache
2024-04-01 15:42:15,354 DEBUG [main] headers:265 - << Expires: 0
2024-04-01 15:42:15,355 DEBUG [main] headers:265 - << Strict-Transport-Security: max-age=31536000 ; includeSubDomains
2024-04-01 15:42:15,355 DEBUG [main] headers:265 - << X-Frame-Options: DENY
2024-04-01 15:42:15,355 DEBUG [main] headers:265 - << Content-Type: application/json
2024-04-01 15:42:15,355 DEBUG [main] headers:265 - << Transfer-Encoding: chunked
2024-04-01 15:42:15,355 DEBUG [main] headers:265 - << Date: Mon, 01 Apr 2024 19:42:14 GMT
2024-04-01 15:42:15,355 DEBUG [main] headers:265 - << Via: 1.1 vegur
2024-04-01 15:42:15,355 DEBUG [main] DefaultHttpClient:504 - Connection can be kept alive indefinitely
2024-04-01 15:42:15,356 DEBUG [main] RestAssuredHttpBuilder:553 - Parsing response as: application/json
2024-04-01 15:42:15,356 DEBUG [main] RestAssuredHttpBuilder:556 - Parsed data to instance of: class org.apache.http.conn.EofSensorInputStream
2024-04-01 15:42:15,357 DEBUG [main] wire:73 -  << "7b[\r][\n]"
2024-04-01 15:42:15,357 DEBUG [main] wire:87 -  << "{"timestamp":"2024-04-01T19:42:15.367+00:00","status":405,"error":"Method Not Allowed","path":"/lms/batches/batchNamenull"}"
2024-04-01 15:42:15,357 DEBUG [main] wire:73 -  << "[\r][\n]"
2024-04-01 15:42:15,357 DEBUG [main] wire:73 -  << "0[\r][\n]"
2024-04-01 15:42:15,357 DEBUG [main] wire:73 -  << "[\r][\n]"
2024-04-01 15:42:15,357 DEBUG [main] BasicClientConnectionManager:200 - Releasing connection org.apache.http.impl.conn.ManagedClientConnectionImpl@2037f12b
2024-04-01 15:42:15,357 DEBUG [main] BasicClientConnectionManager:225 - Connection can be kept alive indefinitely
2024-04-01 15:42:15,370 DEBUG [main] BasicClientConnectionManager:161 - Get connection for route {s}->https://lms-marchapi-hackathon-a258d2bbd43b.herokuapp.com:443
2024-04-01 15:42:15,371 DEBUG [main] DefaultClientConnectionOperator:177 - Connecting to lms-marchapi-hackathon-a258d2bbd43b.herokuapp.com:443
2024-04-01 15:42:15,533 DEBUG [main] RequestAddCookies:123 - CookieSpec selected: ignoreCookies
2024-04-01 15:42:15,534 DEBUG [main] RequestAuthCache:77 - Auth cache not set in the context
2024-04-01 15:42:15,534 DEBUG [main] RequestProxyAuthentication:89 - Proxy auth state: UNCHALLENGED
2024-04-01 15:42:15,534 DEBUG [main] DefaultHttpClient:677 - Attempt 1 to execute request
2024-04-01 15:42:15,534 DEBUG [main] DefaultClientConnection:274 - Sending request: GET /lms/batches/batchName/qnull HTTP/1.1
2024-04-01 15:42:15,534 DEBUG [main] wire:73 -  >> "GET /lms/batches/batchName/qnull HTTP/1.1[\r][\n]"
2024-04-01 15:42:15,535 DEBUG [main] wire:73 -  >> "Content-Type: application/json[\r][\n]"
2024-04-01 15:42:15,535 DEBUG [main] wire:73 -  >> "Authorization: Bearer eyJhbGciOiJIUzUxMiJ9.eyJzdWIiOiJudW1weW5pbmphQGdtYWlsLmNvbSIsImlhdCI6MTcxMjAwMDUzNCwiZXhwIjoxNzEyMDI5MzM0fQ.tR4XZHTZQ1xuO5TvHUBENs3d0c95t3CczdOriQeTwsY3NDmQhBiRUaKS1JR3lY0_j-Zu49PqLkxYPTGTC08XqA[\r][\n]"
2024-04-01 15:42:15,535 DEBUG [main] wire:73 -  >> "Accept: */*[\r][\n]"
2024-04-01 15:42:15,535 DEBUG [main] wire:73 -  >> "Host: lms-marchapi-hackathon-a258d2bbd43b.herokuapp.com[\r][\n]"
2024-04-01 15:42:15,535 DEBUG [main] wire:73 -  >> "Connection: Keep-Alive[\r][\n]"
2024-04-01 15:42:15,535 DEBUG [main] wire:73 -  >> "User-Agent: Apache-HttpClient/4.5.13 (Java/21.0.1)[\r][\n]"
2024-04-01 15:42:15,535 DEBUG [main] wire:73 -  >> "Accept-Encoding: gzip,deflate[\r][\n]"
2024-04-01 15:42:15,536 DEBUG [main] wire:73 -  >> "[\r][\n]"
2024-04-01 15:42:15,536 DEBUG [main] headers:278 - >> GET /lms/batches/batchName/qnull HTTP/1.1
2024-04-01 15:42:15,536 DEBUG [main] headers:281 - >> Content-Type: application/json
2024-04-01 15:42:15,536 DEBUG [main] headers:281 - >> Authorization: Bearer eyJhbGciOiJIUzUxMiJ9.eyJzdWIiOiJudW1weW5pbmphQGdtYWlsLmNvbSIsImlhdCI6MTcxMjAwMDUzNCwiZXhwIjoxNzEyMDI5MzM0fQ.tR4XZHTZQ1xuO5TvHUBENs3d0c95t3CczdOriQeTwsY3NDmQhBiRUaKS1JR3lY0_j-Zu49PqLkxYPTGTC08XqA
2024-04-01 15:42:15,536 DEBUG [main] headers:281 - >> Accept: */*
2024-04-01 15:42:15,536 DEBUG [main] headers:281 - >> Host: lms-marchapi-hackathon-a258d2bbd43b.herokuapp.com
2024-04-01 15:42:15,536 DEBUG [main] headers:281 - >> Connection: Keep-Alive
2024-04-01 15:42:15,537 DEBUG [main] headers:281 - >> User-Agent: Apache-HttpClient/4.5.13 (Java/21.0.1)
2024-04-01 15:42:15,537 DEBUG [main] headers:281 - >> Accept-Encoding: gzip,deflate
2024-04-01 15:42:15,584 DEBUG [main] wire:73 -  << "HTTP/1.1 404 [\r][\n]"
2024-04-01 15:42:15,585 DEBUG [main] wire:73 -  << "Server: Cowboy[\r][\n]"
2024-04-01 15:42:15,585 DEBUG [main] wire:73 -  << "Report-To: {"group":"heroku-nel","max_age":3600,"endpoints":[{"url":"https://nel.heroku.com/reports?ts=1712000535&sid=c46efe9b-d3d2-4a0c-8c76-bfafa16c5add&s=n8qFrfIHljln3jFQ7hVf6zpJU5voed91SdrRDN9F%2FYo%3D"}]}[\r][\n]"
2024-04-01 15:42:15,585 DEBUG [main] wire:73 -  << "Reporting-Endpoints: heroku-nel=https://nel.heroku.com/reports?ts=1712000535&sid=c46efe9b-d3d2-4a0c-8c76-bfafa16c5add&s=n8qFrfIHljln3jFQ7hVf6zpJU5voed91SdrRDN9F%2FYo%3D[\r][\n]"
2024-04-01 15:42:15,585 DEBUG [main] wire:73 -  << "Nel: {"report_to":"heroku-nel","max_age":3600,"success_fraction":0.005,"failure_fraction":0.05,"response_headers":["Via"]}[\r][\n]"
2024-04-01 15:42:15,585 DEBUG [main] wire:73 -  << "Connection: keep-alive[\r][\n]"
2024-04-01 15:42:15,586 DEBUG [main] wire:73 -  << "Vary: Origin[\r][\n]"
2024-04-01 15:42:15,586 DEBUG [main] wire:73 -  << "Vary: Access-Control-Request-Method[\r][\n]"
2024-04-01 15:42:15,586 DEBUG [main] wire:73 -  << "Vary: Access-Control-Request-Headers[\r][\n]"
2024-04-01 15:42:15,586 DEBUG [main] wire:73 -  << "X-Content-Type-Options: nosniff[\r][\n]"
2024-04-01 15:42:15,586 DEBUG [main] wire:73 -  << "X-Xss-Protection: 1; mode=block[\r][\n]"
2024-04-01 15:42:15,586 DEBUG [main] wire:73 -  << "Cache-Control: no-cache, no-store, max-age=0, must-revalidate[\r][\n]"
2024-04-01 15:42:15,587 DEBUG [main] wire:73 -  << "Pragma: no-cache[\r][\n]"
2024-04-01 15:42:15,587 DEBUG [main] wire:73 -  << "Expires: 0[\r][\n]"
2024-04-01 15:42:15,587 DEBUG [main] wire:73 -  << "Strict-Transport-Security: max-age=31536000 ; includeSubDomains[\r][\n]"
2024-04-01 15:42:15,587 DEBUG [main] wire:73 -  << "X-Frame-Options: DENY[\r][\n]"
2024-04-01 15:42:15,587 DEBUG [main] wire:73 -  << "Content-Type: application/json[\r][\n]"
2024-04-01 15:42:15,587 DEBUG [main] wire:73 -  << "Transfer-Encoding: chunked[\r][\n]"
2024-04-01 15:42:15,588 DEBUG [main] wire:73 -  << "Date: Mon, 01 Apr 2024 19:42:15 GMT[\r][\n]"
2024-04-01 15:42:15,588 DEBUG [main] wire:73 -  << "Via: 1.1 vegur[\r][\n]"
2024-04-01 15:42:15,588 DEBUG [main] wire:73 -  << "[\r][\n]"
2024-04-01 15:42:15,588 DEBUG [main] DefaultClientConnection:259 - Receiving response: HTTP/1.1 404 
2024-04-01 15:42:15,588 DEBUG [main] headers:262 - << HTTP/1.1 404 
2024-04-01 15:42:15,588 DEBUG [main] headers:265 - << Server: Cowboy
2024-04-01 15:42:15,589 DEBUG [main] headers:265 - << Report-To: {"group":"heroku-nel","max_age":3600,"endpoints":[{"url":"https://nel.heroku.com/reports?ts=1712000535&sid=c46efe9b-d3d2-4a0c-8c76-bfafa16c5add&s=n8qFrfIHljln3jFQ7hVf6zpJU5voed91SdrRDN9F%2FYo%3D"}]}
2024-04-01 15:42:15,589 DEBUG [main] headers:265 - << Reporting-Endpoints: heroku-nel=https://nel.heroku.com/reports?ts=1712000535&sid=c46efe9b-d3d2-4a0c-8c76-bfafa16c5add&s=n8qFrfIHljln3jFQ7hVf6zpJU5voed91SdrRDN9F%2FYo%3D
2024-04-01 15:42:15,589 DEBUG [main] headers:265 - << Nel: {"report_to":"heroku-nel","max_age":3600,"success_fraction":0.005,"failure_fraction":0.05,"response_headers":["Via"]}
2024-04-01 15:42:15,589 DEBUG [main] headers:265 - << Connection: keep-alive
2024-04-01 15:42:15,589 DEBUG [main] headers:265 - << Vary: Origin
2024-04-01 15:42:15,589 DEBUG [main] headers:265 - << Vary: Access-Control-Request-Method
2024-04-01 15:42:15,590 DEBUG [main] headers:265 - << Vary: Access-Control-Request-Headers
2024-04-01 15:42:15,590 DEBUG [main] headers:265 - << X-Content-Type-Options: nosniff
2024-04-01 15:42:15,590 DEBUG [main] headers:265 - << X-Xss-Protection: 1; mode=block
2024-04-01 15:42:15,590 DEBUG [main] headers:265 - << Cache-Control: no-cache, no-store, max-age=0, must-revalidate
2024-04-01 15:42:15,590 DEBUG [main] headers:265 - << Pragma: no-cache
2024-04-01 15:42:15,590 DEBUG [main] headers:265 - << Expires: 0
2024-04-01 15:42:15,590 DEBUG [main] headers:265 - << Strict-Transport-Security: max-age=31536000 ; includeSubDomains
2024-04-01 15:42:15,591 DEBUG [main] headers:265 - << X-Frame-Options: DENY
2024-04-01 15:42:15,591 DEBUG [main] headers:265 - << Content-Type: application/json
2024-04-01 15:42:15,591 DEBUG [main] headers:265 - << Transfer-Encoding: chunked
2024-04-01 15:42:15,591 DEBUG [main] headers:265 - << Date: Mon, 01 Apr 2024 19:42:15 GMT
2024-04-01 15:42:15,591 DEBUG [main] headers:265 - << Via: 1.1 vegur
2024-04-01 15:42:15,591 DEBUG [main] DefaultHttpClient:504 - Connection can be kept alive indefinitely
2024-04-01 15:42:15,592 DEBUG [main] RestAssuredHttpBuilder:553 - Parsing response as: application/json
2024-04-01 15:42:15,592 DEBUG [main] RestAssuredHttpBuilder:556 - Parsed data to instance of: class org.apache.http.conn.EofSensorInputStream
2024-04-01 15:42:15,593 DEBUG [main] wire:73 -  << "40[\r][\n]"
2024-04-01 15:42:15,593 DEBUG [main] wire:87 -  << "{"message":"programBatch with idqnullnot found","success":false}"
2024-04-01 15:42:15,593 DEBUG [main] wire:73 -  << "[\r][\n]"
2024-04-01 15:42:15,593 DEBUG [main] wire:73 -  << "0[\r][\n]"
2024-04-01 15:42:15,594 DEBUG [main] wire:73 -  << "[\r][\n]"
2024-04-01 15:42:15,594 DEBUG [main] BasicClientConnectionManager:200 - Releasing connection org.apache.http.impl.conn.ManagedClientConnectionImpl@76af34b5
2024-04-01 15:42:15,594 DEBUG [main] BasicClientConnectionManager:225 - Connection can be kept alive indefinitely
2024-04-01 15:42:15,605 DEBUG [Finalizer] DefaultClientConnection:180 - Connection 0.0.0.0:54484<->23.22.130.173:443 closed
2024-04-01 15:42:15,605 DEBUG [Finalizer] DefaultClientConnection:180 - Connection 0.0.0.0:54485<->23.22.130.173:443 closed
2024-04-01 15:42:15,623 DEBUG [main] BasicClientConnectionManager:161 - Get connection for route {s}->https://lms-marchapi-hackathon-a258d2bbd43b.herokuapp.com:443
2024-04-01 15:42:15,623 DEBUG [main] DefaultClientConnectionOperator:177 - Connecting to lms-marchapi-hackathon-a258d2bbd43b.herokuapp.com:443
2024-04-01 15:42:15,781 DEBUG [main] RequestAddCookies:123 - CookieSpec selected: ignoreCookies
2024-04-01 15:42:15,781 DEBUG [main] RequestAuthCache:77 - Auth cache not set in the context
2024-04-01 15:42:15,781 DEBUG [main] RequestProxyAuthentication:89 - Proxy auth state: UNCHALLENGED
2024-04-01 15:42:15,781 DEBUG [main] DefaultHttpClient:677 - Attempt 1 to execute request
2024-04-01 15:42:15,781 DEBUG [main] DefaultClientConnection:274 - Sending request: GET /lms/batches/batchName/null?batchId=8494 HTTP/1.1
2024-04-01 15:42:15,782 DEBUG [main] wire:73 -  >> "GET /lms/batches/batchName/null?batchId=8494 HTTP/1.1[\r][\n]"
2024-04-01 15:42:15,782 DEBUG [main] wire:73 -  >> "Content-Type: application/json[\r][\n]"
2024-04-01 15:42:15,782 DEBUG [main] wire:73 -  >> "Authorization: Bearer eyJhbGciOiJIUzUxMiJ9.eyJzdWIiOiJudW1weW5pbmphQGdtYWlsLmNvbSIsImlhdCI6MTcxMjAwMDUzNCwiZXhwIjoxNzEyMDI5MzM0fQ.tR4XZHTZQ1xuO5TvHUBENs3d0c95t3CczdOriQeTwsY3NDmQhBiRUaKS1JR3lY0_j-Zu49PqLkxYPTGTC08XqA[\r][\n]"
2024-04-01 15:42:15,782 DEBUG [main] wire:73 -  >> "Accept: */*[\r][\n]"
2024-04-01 15:42:15,782 DEBUG [main] wire:73 -  >> "Host: lms-marchapi-hackathon-a258d2bbd43b.herokuapp.com[\r][\n]"
2024-04-01 15:42:15,782 DEBUG [main] wire:73 -  >> "Connection: Keep-Alive[\r][\n]"
2024-04-01 15:42:15,782 DEBUG [main] wire:73 -  >> "User-Agent: Apache-HttpClient/4.5.13 (Java/21.0.1)[\r][\n]"
2024-04-01 15:42:15,782 DEBUG [main] wire:73 -  >> "Accept-Encoding: gzip,deflate[\r][\n]"
2024-04-01 15:42:15,783 DEBUG [main] wire:73 -  >> "[\r][\n]"
2024-04-01 15:42:15,783 DEBUG [main] headers:278 - >> GET /lms/batches/batchName/null?batchId=8494 HTTP/1.1
2024-04-01 15:42:15,783 DEBUG [main] headers:281 - >> Content-Type: application/json
2024-04-01 15:42:15,783 DEBUG [main] headers:281 - >> Authorization: Bearer eyJhbGciOiJIUzUxMiJ9.eyJzdWIiOiJudW1weW5pbmphQGdtYWlsLmNvbSIsImlhdCI6MTcxMjAwMDUzNCwiZXhwIjoxNzEyMDI5MzM0fQ.tR4XZHTZQ1xuO5TvHUBENs3d0c95t3CczdOriQeTwsY3NDmQhBiRUaKS1JR3lY0_j-Zu49PqLkxYPTGTC08XqA
2024-04-01 15:42:15,783 DEBUG [main] headers:281 - >> Accept: */*
2024-04-01 15:42:15,783 DEBUG [main] headers:281 - >> Host: lms-marchapi-hackathon-a258d2bbd43b.herokuapp.com
2024-04-01 15:42:15,783 DEBUG [main] headers:281 - >> Connection: Keep-Alive
2024-04-01 15:42:15,783 DEBUG [main] headers:281 - >> User-Agent: Apache-HttpClient/4.5.13 (Java/21.0.1)
2024-04-01 15:42:15,784 DEBUG [main] headers:281 - >> Accept-Encoding: gzip,deflate
2024-04-01 15:42:15,827 DEBUG [main] wire:73 -  << "HTTP/1.1 404 [\r][\n]"
2024-04-01 15:42:15,828 DEBUG [main] wire:73 -  << "Server: Cowboy[\r][\n]"
2024-04-01 15:42:15,828 DEBUG [main] wire:73 -  << "Report-To: {"group":"heroku-nel","max_age":3600,"endpoints":[{"url":"https://nel.heroku.com/reports?ts=1712000535&sid=c46efe9b-d3d2-4a0c-8c76-bfafa16c5add&s=n8qFrfIHljln3jFQ7hVf6zpJU5voed91SdrRDN9F%2FYo%3D"}]}[\r][\n]"
2024-04-01 15:42:15,828 DEBUG [main] wire:73 -  << "Reporting-Endpoints: heroku-nel=https://nel.heroku.com/reports?ts=1712000535&sid=c46efe9b-d3d2-4a0c-8c76-bfafa16c5add&s=n8qFrfIHljln3jFQ7hVf6zpJU5voed91SdrRDN9F%2FYo%3D[\r][\n]"
2024-04-01 15:42:15,828 DEBUG [main] wire:73 -  << "Nel: {"report_to":"heroku-nel","max_age":3600,"success_fraction":0.005,"failure_fraction":0.05,"response_headers":["Via"]}[\r][\n]"
2024-04-01 15:42:15,828 DEBUG [main] wire:73 -  << "Connection: keep-alive[\r][\n]"
2024-04-01 15:42:15,828 DEBUG [main] wire:73 -  << "Vary: Origin[\r][\n]"
2024-04-01 15:42:15,828 DEBUG [main] wire:73 -  << "Vary: Access-Control-Request-Method[\r][\n]"
2024-04-01 15:42:15,829 DEBUG [main] wire:73 -  << "Vary: Access-Control-Request-Headers[\r][\n]"
2024-04-01 15:42:15,829 DEBUG [main] wire:73 -  << "X-Content-Type-Options: nosniff[\r][\n]"
2024-04-01 15:42:15,829 DEBUG [main] wire:73 -  << "X-Xss-Protection: 1; mode=block[\r][\n]"
2024-04-01 15:42:15,829 DEBUG [main] wire:73 -  << "Cache-Control: no-cache, no-store, max-age=0, must-revalidate[\r][\n]"
2024-04-01 15:42:15,829 DEBUG [main] wire:73 -  << "Pragma: no-cache[\r][\n]"
2024-04-01 15:42:15,829 DEBUG [main] wire:73 -  << "Expires: 0[\r][\n]"
2024-04-01 15:42:15,829 DEBUG [main] wire:73 -  << "Strict-Transport-Security: max-age=31536000 ; includeSubDomains[\r][\n]"
2024-04-01 15:42:15,829 DEBUG [main] wire:73 -  << "X-Frame-Options: DENY[\r][\n]"
2024-04-01 15:42:15,830 DEBUG [main] wire:73 -  << "Content-Type: application/json[\r][\n]"
2024-04-01 15:42:15,830 DEBUG [main] wire:73 -  << "Transfer-Encoding: chunked[\r][\n]"
2024-04-01 15:42:15,830 DEBUG [main] wire:73 -  << "Date: Mon, 01 Apr 2024 19:42:15 GMT[\r][\n]"
2024-04-01 15:42:15,830 DEBUG [main] wire:73 -  << "Via: 1.1 vegur[\r][\n]"
2024-04-01 15:42:15,830 DEBUG [main] wire:73 -  << "[\r][\n]"
2024-04-01 15:42:15,830 DEBUG [main] DefaultClientConnection:259 - Receiving response: HTTP/1.1 404 
2024-04-01 15:42:15,830 DEBUG [main] headers:262 - << HTTP/1.1 404 
2024-04-01 15:42:15,831 DEBUG [main] headers:265 - << Server: Cowboy
2024-04-01 15:42:15,831 DEBUG [main] headers:265 - << Report-To: {"group":"heroku-nel","max_age":3600,"endpoints":[{"url":"https://nel.heroku.com/reports?ts=1712000535&sid=c46efe9b-d3d2-4a0c-8c76-bfafa16c5add&s=n8qFrfIHljln3jFQ7hVf6zpJU5voed91SdrRDN9F%2FYo%3D"}]}
2024-04-01 15:42:15,831 DEBUG [main] headers:265 - << Reporting-Endpoints: heroku-nel=https://nel.heroku.com/reports?ts=1712000535&sid=c46efe9b-d3d2-4a0c-8c76-bfafa16c5add&s=n8qFrfIHljln3jFQ7hVf6zpJU5voed91SdrRDN9F%2FYo%3D
2024-04-01 15:42:15,831 DEBUG [main] headers:265 - << Nel: {"report_to":"heroku-nel","max_age":3600,"success_fraction":0.005,"failure_fraction":0.05,"response_headers":["Via"]}
2024-04-01 15:42:15,831 DEBUG [main] headers:265 - << Connection: keep-alive
2024-04-01 15:42:15,831 DEBUG [main] headers:265 - << Vary: Origin
2024-04-01 15:42:15,831 DEBUG [main] headers:265 - << Vary: Access-Control-Request-Method
2024-04-01 15:42:15,831 DEBUG [main] headers:265 - << Vary: Access-Control-Request-Headers
2024-04-01 15:42:15,832 DEBUG [main] headers:265 - << X-Content-Type-Options: nosniff
2024-04-01 15:42:15,832 DEBUG [main] headers:265 - << X-Xss-Protection: 1; mode=block
2024-04-01 15:42:15,832 DEBUG [main] headers:265 - << Cache-Control: no-cache, no-store, max-age=0, must-revalidate
2024-04-01 15:42:15,832 DEBUG [main] headers:265 - << Pragma: no-cache
2024-04-01 15:42:15,832 DEBUG [main] headers:265 - << Expires: 0
2024-04-01 15:42:15,832 DEBUG [main] headers:265 - << Strict-Transport-Security: max-age=31536000 ; includeSubDomains
2024-04-01 15:42:15,832 DEBUG [main] headers:265 - << X-Frame-Options: DENY
2024-04-01 15:42:15,832 DEBUG [main] headers:265 - << Content-Type: application/json
2024-04-01 15:42:15,833 DEBUG [main] headers:265 - << Transfer-Encoding: chunked
2024-04-01 15:42:15,833 DEBUG [main] headers:265 - << Date: Mon, 01 Apr 2024 19:42:15 GMT
2024-04-01 15:42:15,833 DEBUG [main] headers:265 - << Via: 1.1 vegur
2024-04-01 15:42:15,833 DEBUG [main] DefaultHttpClient:504 - Connection can be kept alive indefinitely
2024-04-01 15:42:15,833 DEBUG [main] RestAssuredHttpBuilder:553 - Parsing response as: application/json
2024-04-01 15:42:15,833 DEBUG [main] RestAssuredHttpBuilder:556 - Parsed data to instance of: class org.apache.http.conn.EofSensorInputStream
2024-04-01 15:42:15,834 DEBUG [main] wire:73 -  << "3f[\r][\n]"
2024-04-01 15:42:15,834 DEBUG [main] wire:87 -  << "{"message":"programBatch with idnullnot found","success":false}"
2024-04-01 15:42:15,834 DEBUG [main] wire:73 -  << "[\r][\n]"
2024-04-01 15:42:15,834 DEBUG [main] wire:73 -  << "0[\r][\n]"
2024-04-01 15:42:15,834 DEBUG [main] wire:73 -  << "[\r][\n]"
2024-04-01 15:42:15,834 DEBUG [main] BasicClientConnectionManager:200 - Releasing connection org.apache.http.impl.conn.ManagedClientConnectionImpl@6003220a
2024-04-01 15:42:15,834 DEBUG [main] BasicClientConnectionManager:225 - Connection can be kept alive indefinitely
